app/build/outputs/logs/manifest-merger-debug-report.txt
-- Merging decision tree log ---
manifest
ADDED from src\main\AndroidManifest.xml:1:1-152:12
	package
		ADDED from src\main\AndroidManifest.xml:2:5-41
		INJECTED from src\main\AndroidManifest.xml
		INJECTED from src\main\AndroidManifest.xml
	android:versionName
		INJECTED from src\main\AndroidManifest.xml
		INJECTED from src\main\AndroidManifest.xml
	xmlns:android
		ADDED from src\main\AndroidManifest.xml:1:11-69
	android:versionCode
		INJECTED from src\main\AndroidManifest.xml
		INJECTED from src\main\AndroidManifest.xml
uses-permission#com.google.android.providers.gsf.permission.READ_GSERVICES
ADDED from src\main\AndroidManifest.xml:4:5-98
	android:name
		ADDED from src\main\AndroidManifest.xml:4:22-95
uses-permission#android.permission.ACCESS_COARSE_LOCATION
ADDED from src\main\AndroidManifest.xml:5:5-81
	android:name
		ADDED from src\main\AndroidManifest.xml:5:22-78
uses-permission#android.permission.ACCESS_FINE_LOCATION
ADDED from src\main\AndroidManifest.xml:6:5-79
	android:name
		ADDED from src\main\AndroidManifest.xml:6:22-76
uses-permission#android.permission.BLUETOOTH
ADDED from src\main\AndroidManifest.xml:7:5-68
	android:name
		ADDED from src\main\AndroidManifest.xml:7:22-65
uses-permission#android.permission.MOUNT_UNMOUNT_FILESYSTEMS
ADDED from src\main\AndroidManifest.xml:8:5-84
	android:name
		ADDED from src\main\AndroidManifest.xml:8:22-81
uses-permission#android.permission.INTERNET
ADDED from src\main\AndroidManifest.xml:11:5-67
	android:name
		ADDED from src\main\AndroidManifest.xml:11:22-64
uses-permission#android.permission.ACCESS_NETWORK_STATE
ADDED from src\main\AndroidManifest.xml:12:5-79
	android:name
		ADDED from src\main\AndroidManifest.xml:12:22-76
uses-permission#android.permission.ACCESS_WIFI_STATE
ADDED from src\main\AndroidManifest.xml:13:5-76
	android:name
		ADDED from src\main\AndroidManifest.xml:13:22-73
uses-permission#android.permission.CHANGE_NETWORK_STATE
ADDED from src\main\AndroidManifest.xml:14:5-79
	android:name
		ADDED from src\main\AndroidManifest.xml:14:22-76
uses-permission#android.permission.CHANGE_WIFI_STATE
ADDED from src\main\AndroidManifest.xml:15:5-76
	android:name
		ADDED from src\main\AndroidManifest.xml:15:22-73
uses-permission#android.permission.READ_PHONE_STATE
ADDED from src\main\AndroidManifest.xml:16:5-75
	android:name
		ADDED from src\main\AndroidManifest.xml:16:22-72
uses-permission#android.permission.WRITE_EXTERNAL_STORAGE
ADDED from src\main\AndroidManifest.xml:17:5-81
	android:name
		ADDED from src\main\AndroidManifest.xml:17:22-78
uses-permission#android.permission.WAKE_LOCK
ADDED from src\main\AndroidManifest.xml:18:5-68
	android:name
		ADDED from src\main\AndroidManifest.xml:18:22-65
uses-permission#android.permission.VIBRATE
ADDED from src\main\AndroidManifest.xml:19:5-66
	android:name
		ADDED from src\main\AndroidManifest.xml:19:22-63
uses-permission#android.permission.WRITE_SETTINGS
ADDED from src\main\AndroidManifest.xml:20:5-73
	android:name
		ADDED from src\main\AndroidManifest.xml:20:22-70
uses-permission#android.permission.RECEIVE_BOOT_COMPLETED
ADDED from src\main\AndroidManifest.xml:21:5-81
	android:name
		ADDED from src\main\AndroidManifest.xml:21:22-78
uses-permission#android.permission.GET_TASKS
ADDED from src\main\AndroidManifest.xml:24:5-68
	android:name
		ADDED from src\main\AndroidManifest.xml:24:22-65
uses-permission#android.permission.BROADCAST_PACKAGE_ADDED
ADDED from src\main\AndroidManifest.xml:27:5-82
	android:name
		ADDED from src\main\AndroidManifest.xml:27:22-79
uses-permission#android.permission.BROADCAST_PACKAGE_CHANGED
ADDED from src\main\AndroidManifest.xml:28:5-84
	android:name
		ADDED from src\main\AndroidManifest.xml:28:22-81
uses-permission#android.permission.BROADCAST_PACKAGE_INSTALL
ADDED from src\main\AndroidManifest.xml:29:5-84
	android:name
		ADDED from src\main\AndroidManifest.xml:29:22-81
uses-permission#android.permission.BROADCAST_PACKAGE_REPLACED
ADDED from src\main\AndroidManifest.xml:30:5-85
	android:name
		ADDED from src\main\AndroidManifest.xml:30:22-82
uses-permission#android.permission.RESTART_PACKAGES
ADDED from src\main\AndroidManifest.xml:31:5-75
	android:name
		ADDED from src\main\AndroidManifest.xml:31:22-72
uses-permission#android.permission.GET_ACCOUNTS
ADDED from src\main\AndroidManifest.xml:32:5-71
	android:name
		ADDED from src\main\AndroidManifest.xml:32:22-68
uses-permission#com.android.launcher.permission.READ_SETTINGS
ADDED from src\main\AndroidManifest.xml:37:5-85
	android:name
		ADDED from src\main\AndroidManifest.xml:37:22-82
application
ADDED from src\main\AndroidManifest.xml:46:5-150:19
MERGED from [com.android.support:appcompat-v7:21.0.2] AndroidManifest.xml:16:5-19
MERGED from [com.android.support:support-v4:21.0.2] AndroidManifest.xml:16:5-19
MERGED from [cn.pedant.sweetalert:library:1.3] AndroidManifest.xml:11:5-20
MERGED from [com.pnikosis:materialish-progress:1.0] AndroidManifest.xml:11:5-15:19
MERGED from [com.android.support:appcompat-v7:21.0.2] AndroidManifest.xml:16:5-19
MERGED from [com.android.support:support-v4:21.0.2] AndroidManifest.xml:16:5-19
MERGED from [sdhunlianandroid:PagerSlidingTabStrip:unspecified] AndroidManifest.xml:9:5-20
MERGED from [com.android.support:support-v4:21.0.2] AndroidManifest.xml:16:5-19
	android:label
		ADDED from src\main\AndroidManifest.xml:50:9-41
	android:allowBackup
		ADDED from src\main\AndroidManifest.xml:47:9-35
	android:icon
		ADDED from src\main\AndroidManifest.xml:49:9-45
	android:theme
		ADDED from src\main\AndroidManifest.xml:51:9-40
	android:name
		ADDED from src\main\AndroidManifest.xml:48:9-58
meta-data#com.baidu.lbsapi.API_KEY
ADDED from src\main\AndroidManifest.xml:52:9-54:56
	android:value
		ADDED from src\main\AndroidManifest.xml:54:13-53
	android:name
		ADDED from src\main\AndroidManifest.xml:53:13-52
activity#newair.com.marriagenetwork.activity.MainActivity
ADDED from src\main\AndroidManifest.xml:55:9-63:20
	android:label
		ADDED from src\main\AndroidManifest.xml:57:13-45
	android:name
		ADDED from src\main\AndroidManifest.xml:56:13-50
activity#newair.com.marriagenetwork.activity.NoticeActivity
ADDED from src\main\AndroidManifest.xml:64:9-66:61
	android:label
		ADDED from src\main\AndroidManifest.xml:66:13-58
	android:name
		ADDED from src\main\AndroidManifest.xml:65:13-52
activity#newair.com.marriagenetwork.activity.HappyActivity
ADDED from src\main\AndroidManifest.xml:67:9-69:60
	android:label
		ADDED from src\main\AndroidManifest.xml:69:13-57
	android:name
		ADDED from src\main\AndroidManifest.xml:68:13-51
activity#newair.com.marriagenetwork.activity.LoveActivity
ADDED from src\main\AndroidManifest.xml:70:9-72:59
	android:label
		ADDED from src\main\AndroidManifest.xml:72:13-56
	android:name
		ADDED from src\main\AndroidManifest.xml:71:13-50
activity#newair.com.marriagenetwork.activity.AttentionMineActivity
ADDED from src\main\AndroidManifest.xml:73:9-75:69
	android:label
		ADDED from src\main\AndroidManifest.xml:75:13-66
	android:name
		ADDED from src\main\AndroidManifest.xml:74:13-59
activity#newair.com.marriagenetwork.activity.MineAttentionActivity
ADDED from src\main\AndroidManifest.xml:76:9-78:69
	android:label
		ADDED from src\main\AndroidManifest.xml:78:13-66
	android:name
		ADDED from src\main\AndroidManifest.xml:77:13-59
activity#newair.com.marriagenetwork.activity.PhotoAlbumActivity
ADDED from src\main\AndroidManifest.xml:79:9-81:66
	android:label
		ADDED from src\main\AndroidManifest.xml:81:13-63
	android:name
		ADDED from src\main\AndroidManifest.xml:80:13-56
activity#newair.com.marriagenetwork.activity.SettingAvtivity
ADDED from src\main\AndroidManifest.xml:82:9-84:71
	android:label
		ADDED from src\main\AndroidManifest.xml:84:13-68
	android:name
		ADDED from src\main\AndroidManifest.xml:83:13-53
activity#newair.com.marriagenetwork.activity.LoginActivity
ADDED from src\main\AndroidManifest.xml:85:9-95:20
	android:label
		ADDED from src\main\AndroidManifest.xml:87:13-57
	android:name
		ADDED from src\main\AndroidManifest.xml:86:13-51
intent-filter#android.intent.action.MAIN+android.intent.category.LAUNCHER
ADDED from src\main\AndroidManifest.xml:89:13-93:29
action#android.intent.action.MAIN
ADDED from src\main\AndroidManifest.xml:90:17-69
	android:name
		ADDED from src\main\AndroidManifest.xml:90:25-66
category#android.intent.category.LAUNCHER
ADDED from src\main\AndroidManifest.xml:92:17-77
	android:name
		ADDED from src\main\AndroidManifest.xml:92:27-74
activity#newair.com.marriagenetwork.activity.FriendMomentActivity
ADDED from src\main\AndroidManifest.xml:96:9-98:68
	android:label
		ADDED from src\main\AndroidManifest.xml:98:13-65
	android:name
		ADDED from src\main\AndroidManifest.xml:97:13-58
activity#newair.com.marriagenetwork.activity.SearchActivity
ADDED from src\main\AndroidManifest.xml:99:9-101:61
	android:label
		ADDED from src\main\AndroidManifest.xml:101:13-58
	android:name
		ADDED from src\main\AndroidManifest.xml:100:13-52
activity#newair.com.marriagenetwork.activity.NearbyActivity
ADDED from src\main\AndroidManifest.xml:102:9-104:61
	android:label
		ADDED from src\main\AndroidManifest.xml:104:13-58
	android:name
		ADDED from src\main\AndroidManifest.xml:103:13-52
activity#newair.com.marriagenetwork.activity.RecommentActivity
ADDED from src\main\AndroidManifest.xml:105:9-107:64
	android:label
		ADDED from src\main\AndroidManifest.xml:107:13-61
	android:name
		ADDED from src\main\AndroidManifest.xml:106:13-55
activity#newair.com.marriagenetwork.activity.UserInfoActivity
ADDED from src\main\AndroidManifest.xml:108:9-110:64
	android:label
		ADDED from src\main\AndroidManifest.xml:110:13-61
	android:name
		ADDED from src\main\AndroidManifest.xml:109:13-54
activity#newair.com.marriagenetwork.activity.RegisterActivity
ADDED from src\main\AndroidManifest.xml:111:9-113:72
	android:label
		ADDED from src\main\AndroidManifest.xml:113:13-60
	android:name
		ADDED from src\main\AndroidManifest.xml:112:13-54
activity#newair.com.marriagenetwork.activity.CompleteInfoActivity
ADDED from src\main\AndroidManifest.xml:114:9-116:77
	android:label
		ADDED from src\main\AndroidManifest.xml:116:13-65
	android:name
		ADDED from src\main\AndroidManifest.xml:115:13-58
activity#newair.com.marriagenetwork.activity.LoveDetailsActivity
ADDED from src\main\AndroidManifest.xml:117:9-127:20
	android:label
		ADDED from src\main\AndroidManifest.xml:119:13-64
	android:name
		ADDED from src\main\AndroidManifest.xml:118:13-57
activity#newair.com.marriagenetwork.activity.SearchResultActivity
ADDED from src\main\AndroidManifest.xml:128:9-130:77
	android:label
		ADDED from src\main\AndroidManifest.xml:130:13-65
	android:name
		ADDED from src\main\AndroidManifest.xml:129:13-58
activity#newair.com.marriagenetwork.activity.PeoInfoFromSearchActivity
ADDED from src\main\AndroidManifest.xml:131:9-139:20
	android:label
		ADDED from src\main\AndroidManifest.xml:133:13-72
	android:name
		ADDED from src\main\AndroidManifest.xml:132:13-63
activity#newair.com.marriagenetwork.activity.StaffAuditActivity
ADDED from src\main\AndroidManifest.xml:140:9-142:75
	android:label
		ADDED from src\main\AndroidManifest.xml:142:13-63
	android:name
		ADDED from src\main\AndroidManifest.xml:141:13-56
service#com.baidu.location.f
ADDED from src\main\AndroidManifest.xml:144:9-148:19
	android:enabled
		ADDED from src\main\AndroidManifest.xml:146:13-35
	android:process
		ADDED from src\main\AndroidManifest.xml:147:13-38
	android:name
		ADDED from src\main\AndroidManifest.xml:145:13-48
uses-sdk
INJECTED from src\main\AndroidManifest.xml reason: use-sdk injection requested
MERGED from [com.android.support:appcompat-v7:21.0.2] AndroidManifest.xml:15:5-42
MERGED from [com.android.support:support-v4:21.0.2] AndroidManifest.xml:15:5-42
MERGED from [cn.pedant.sweetalert:library:1.3] AndroidManifest.xml:7:5-9:41
MERGED from [com.pnikosis:materialish-progress:1.0] AndroidManifest.xml:7:5-9:41
MERGED from [com.android.support:appcompat-v7:21.0.2] AndroidManifest.xml:15:5-42
MERGED from [com.android.support:support-v4:21.0.2] AndroidManifest.xml:15:5-42
MERGED from [sdhunlianandroid:PagerSlidingTabStrip:unspecified] AndroidManifest.xml:5:5-7:41
MERGED from [com.android.support:support-v4:21.0.2] AndroidManifest.xml:15:5-42
	android:targetSdkVersion
		INJECTED from src\main\AndroidManifest.xml
		INJECTED from src\main\AndroidManifest.xml
	android:minSdkVersion
		INJECTED from src\main\AndroidManifest.xml
		INJECTED from src\main\AndroidManifest.xml